<?xml version="1.0" encoding="UTF-8"?>
<testng-results ignored="0" total="1" passed="1" failed="0" skipped="0">
  <reporter-output>
  </reporter-output>
  <suite started-at="2026-02-23T07:49:34 IST" name="Default suite" finished-at="2026-02-23T07:49:38 IST" duration-ms="3824">
    <groups>
    </groups>
    <test started-at="2026-02-23T07:49:34 IST" name="Default test" finished-at="2026-02-23T07:49:38 IST" duration-ms="3824">
      <class name="selenium.JenkinsDemo">
        <test-method signature="testSelenium()[pri:0, instance:selenium.JenkinsDemo@7b98f307]" started-at="2026-02-23T07:49:34 IST" name="testSelenium" finished-at="2026-02-23T07:49:38 IST" duration-ms="3783" status="PASS">
          <reporter-output>
          </reporter-output>
        </test-method> <!-- testSelenium -->
      </class> <!-- selenium.JenkinsDemo -->
    </test> <!-- Default test -->
  </suite> <!-- Default suite -->
</testng-results>
